<?xml version="1.0" encoding="UTF-8"?>
<!-- Generated by org.testng.reporters.JUnitXMLReporter -->
<testsuite hostname="DESKTOP-G2VEJA5" ignored="0" name="Register" tests="5" failures="2" timestamp="2021-10-14T20:59:00 CST" time="14.314" errors="0">
  <testcase name="chioseHTTP" time="0.368" classname="com.lemon.webauto.day05.RegisterCase"/>
  <testcase name="testNegativeCases" time="0.304" classname="com.lemon.webauto.day05.RegisterCase"/>
  <testcase name="testNegativeCases" time="0.215" classname="com.lemon.webauto.day05.RegisterCase"/>
  <testcase name="testNegativeCases" time="5.3" classname="com.lemon.webauto.day05.RegisterCase">
    <failure type="java.lang.AssertionError" message="expected [参数错误] but found [用户名密码错误]">
      <![CDATA[java.lang.AssertionError: expected [参数错误] but found [用户名密码错误]
at com.lemon.webauto.day05.RegisterCase.testNegativeCases(RegisterCase.java:69)
at java.util.ArrayList.forEach(ArrayList.java:1249)
... Removed 31 stack frames]]>
    </failure>
  </testcase> <!-- testNegativeCases -->
  <testcase name="testNegativeCases" time="5.303" classname="com.lemon.webauto.day05.RegisterCase">
    <failure type="java.lang.AssertionError" message="expected [用户名密码错误] but found [参数错误]">
      <![CDATA[java.lang.AssertionError: expected [用户名密码错误] but found [参数错误]
at com.lemon.webauto.day05.RegisterCase.testNegativeCases(RegisterCase.java:69)
at java.util.ArrayList.forEach(ArrayList.java:1249)
... Removed 31 stack frames]]>
    </failure>
  </testcase> <!-- testNegativeCases -->
</testsuite> <!-- Register -->
